find_executable: checking for pg_config... -------------------- yes

--------------------

find_header: checking for libpq-fe.h... -------------------- yes

"gcc -E -I. -I/System/Library/Frameworks/Ruby.framework/Versions/1.8/usr/lib/ruby/1.8/universal-darwin10.0 -I.  -D_XOPEN_SOURCE -D_DARWIN_C_SOURCE   -I/opt/local/include/postgresql84 -g -Os -pipe -fno-common -DENABLE_DTRACE  -fno-common  -pipe -fno-common   -pipe -O2 -Wall -Wmissing-prototypes -Wpointer-arith -Wdeclaration-after-statement -Wendif-labels -fno-strict-aliasing -fwrapv   conftest.c -o conftest.i"
checked program was:
/* begin */
1: #include <libpq-fe.h>
/* end */

--------------------

find_header: checking for libpq/libpq-fs.h... -------------------- yes

"gcc -E -I. -I/System/Library/Frameworks/Ruby.framework/Versions/1.8/usr/lib/ruby/1.8/universal-darwin10.0 -I.  -D_XOPEN_SOURCE -D_DARWIN_C_SOURCE   -I/opt/local/include/postgresql84 -g -Os -pipe -fno-common -DENABLE_DTRACE  -fno-common  -pipe -fno-common   -pipe -O2 -Wall -Wmissing-prototypes -Wpointer-arith -Wdeclaration-after-statement -Wendif-labels -fno-strict-aliasing -fwrapv   conftest.c -o conftest.i"
checked program was:
/* begin */
1: #include <libpq/libpq-fs.h>
/* end */

--------------------

have_library: checking for PQconnectdb() in -lpq... -------------------- yes

"gcc -o conftest -I. -I/System/Library/Frameworks/Ruby.framework/Versions/1.8/usr/lib/ruby/1.8/universal-darwin10.0 -I.  -D_XOPEN_SOURCE -D_DARWIN_C_SOURCE   -I/opt/local/include/postgresql84 -g -Os -pipe -fno-common -DENABLE_DTRACE  -fno-common  -pipe -fno-common   -pipe -O2 -Wall -Wmissing-prototypes -Wpointer-arith -Wdeclaration-after-statement -Wendif-labels -fno-strict-aliasing -fwrapv -arch x86_64 conftest.c  -L. -L/System/Library/Frameworks/Ruby.framework/Versions/1.8/usr/lib -L.  -L/opt/local/lib/postgresql84 -arch x86_64     -lruby -lpq  -lpthread -ldl  "
conftest.c:5: warning: no previous prototype for ‘t’
checked program was:
/* begin */
1: #include <libpq-fe.h>
2: 
3: /*top*/
4: int main() { return 0; }
5: int t() { void ((*volatile p)()); p = (void ((*)()))PQconnectdb; return 0; }
/* end */

--------------------

have_func: checking for PQconnectionUsedPassword()... -------------------- yes

"gcc -o conftest -I. -I/System/Library/Frameworks/Ruby.framework/Versions/1.8/usr/lib/ruby/1.8/universal-darwin10.0 -I.  -D_XOPEN_SOURCE -D_DARWIN_C_SOURCE   -I/opt/local/include/postgresql84 -g -Os -pipe -fno-common -DENABLE_DTRACE  -fno-common  -pipe -fno-common   -pipe -O2 -Wall -Wmissing-prototypes -Wpointer-arith -Wdeclaration-after-statement -Wendif-labels -fno-strict-aliasing -fwrapv -arch x86_64 conftest.c  -L. -L/System/Library/Frameworks/Ruby.framework/Versions/1.8/usr/lib -L.  -L/opt/local/lib/postgresql84 -arch x86_64    -lpq  -lruby -lpq  -lpthread -ldl  "
conftest.c:3: warning: no previous prototype for ‘t’
conftest.c: In function ‘t’:
conftest.c:3: error: ‘PQconnectionUsedPassword’ undeclared (first use in this function)
conftest.c:3: error: (Each undeclared identifier is reported only once
conftest.c:3: error: for each function it appears in.)
checked program was:
/* begin */
1: /*top*/
2: int main() { return 0; }
3: int t() { void ((*volatile p)()); p = (void ((*)()))PQconnectionUsedPassword; return 0; }
/* end */

"gcc -o conftest -I. -I/System/Library/Frameworks/Ruby.framework/Versions/1.8/usr/lib/ruby/1.8/universal-darwin10.0 -I.  -D_XOPEN_SOURCE -D_DARWIN_C_SOURCE   -I/opt/local/include/postgresql84 -g -Os -pipe -fno-common -DENABLE_DTRACE  -fno-common  -pipe -fno-common   -pipe -O2 -Wall -Wmissing-prototypes -Wpointer-arith -Wdeclaration-after-statement -Wendif-labels -fno-strict-aliasing -fwrapv -arch x86_64 conftest.c  -L. -L/System/Library/Frameworks/Ruby.framework/Versions/1.8/usr/lib -L.  -L/opt/local/lib/postgresql84 -arch x86_64    -lpq  -lruby -lpq  -lpthread -ldl  "
conftest.c:3: warning: no previous prototype for ‘t’
conftest.c: In function ‘t’:
conftest.c:3: warning: implicit declaration of function ‘PQconnectionUsedPassword’
checked program was:
/* begin */
1: /*top*/
2: int main() { return 0; }
3: int t() { PQconnectionUsedPassword(); return 0; }
/* end */

--------------------

have_func: checking for PQisthreadsafe()... -------------------- yes

"gcc -o conftest -I. -I/System/Library/Frameworks/Ruby.framework/Versions/1.8/usr/lib/ruby/1.8/universal-darwin10.0 -I.  -D_XOPEN_SOURCE -D_DARWIN_C_SOURCE   -I/opt/local/include/postgresql84 -g -Os -pipe -fno-common -DENABLE_DTRACE  -fno-common  -pipe -fno-common   -pipe -O2 -Wall -Wmissing-prototypes -Wpointer-arith -Wdeclaration-after-statement -Wendif-labels -fno-strict-aliasing -fwrapv -arch x86_64 conftest.c  -L. -L/System/Library/Frameworks/Ruby.framework/Versions/1.8/usr/lib -L.  -L/opt/local/lib/postgresql84 -arch x86_64    -lpq  -lruby -lpq  -lpthread -ldl  "
conftest.c:3: warning: no previous prototype for ‘t’
conftest.c: In function ‘t’:
conftest.c:3: error: ‘PQisthreadsafe’ undeclared (first use in this function)
conftest.c:3: error: (Each undeclared identifier is reported only once
conftest.c:3: error: for each function it appears in.)
checked program was:
/* begin */
1: /*top*/
2: int main() { return 0; }
3: int t() { void ((*volatile p)()); p = (void ((*)()))PQisthreadsafe; return 0; }
/* end */

"gcc -o conftest -I. -I/System/Library/Frameworks/Ruby.framework/Versions/1.8/usr/lib/ruby/1.8/universal-darwin10.0 -I.  -D_XOPEN_SOURCE -D_DARWIN_C_SOURCE   -I/opt/local/include/postgresql84 -g -Os -pipe -fno-common -DENABLE_DTRACE  -fno-common  -pipe -fno-common   -pipe -O2 -Wall -Wmissing-prototypes -Wpointer-arith -Wdeclaration-after-statement -Wendif-labels -fno-strict-aliasing -fwrapv -arch x86_64 conftest.c  -L. -L/System/Library/Frameworks/Ruby.framework/Versions/1.8/usr/lib -L.  -L/opt/local/lib/postgresql84 -arch x86_64    -lpq  -lruby -lpq  -lpthread -ldl  "
conftest.c:3: warning: no previous prototype for ‘t’
conftest.c: In function ‘t’:
conftest.c:3: warning: implicit declaration of function ‘PQisthreadsafe’
checked program was:
/* begin */
1: /*top*/
2: int main() { return 0; }
3: int t() { PQisthreadsafe(); return 0; }
/* end */

--------------------

have_func: checking for PQprepare()... -------------------- yes

"gcc -o conftest -I. -I/System/Library/Frameworks/Ruby.framework/Versions/1.8/usr/lib/ruby/1.8/universal-darwin10.0 -I.  -D_XOPEN_SOURCE -D_DARWIN_C_SOURCE   -I/opt/local/include/postgresql84 -g -Os -pipe -fno-common -DENABLE_DTRACE  -fno-common  -pipe -fno-common   -pipe -O2 -Wall -Wmissing-prototypes -Wpointer-arith -Wdeclaration-after-statement -Wendif-labels -fno-strict-aliasing -fwrapv -arch x86_64 conftest.c  -L. -L/System/Library/Frameworks/Ruby.framework/Versions/1.8/usr/lib -L.  -L/opt/local/lib/postgresql84 -arch x86_64    -lpq  -lruby -lpq  -lpthread -ldl  "
conftest.c:3: warning: no previous prototype for ‘t’
conftest.c: In function ‘t’:
conftest.c:3: error: ‘PQprepare’ undeclared (first use in this function)
conftest.c:3: error: (Each undeclared identifier is reported only once
conftest.c:3: error: for each function it appears in.)
checked program was:
/* begin */
1: /*top*/
2: int main() { return 0; }
3: int t() { void ((*volatile p)()); p = (void ((*)()))PQprepare; return 0; }
/* end */

"gcc -o conftest -I. -I/System/Library/Frameworks/Ruby.framework/Versions/1.8/usr/lib/ruby/1.8/universal-darwin10.0 -I.  -D_XOPEN_SOURCE -D_DARWIN_C_SOURCE   -I/opt/local/include/postgresql84 -g -Os -pipe -fno-common -DENABLE_DTRACE  -fno-common  -pipe -fno-common   -pipe -O2 -Wall -Wmissing-prototypes -Wpointer-arith -Wdeclaration-after-statement -Wendif-labels -fno-strict-aliasing -fwrapv -arch x86_64 conftest.c  -L. -L/System/Library/Frameworks/Ruby.framework/Versions/1.8/usr/lib -L.  -L/opt/local/lib/postgresql84 -arch x86_64    -lpq  -lruby -lpq  -lpthread -ldl  "
conftest.c:3: warning: no previous prototype for ‘t’
conftest.c: In function ‘t’:
conftest.c:3: warning: implicit declaration of function ‘PQprepare’
checked program was:
/* begin */
1: /*top*/
2: int main() { return 0; }
3: int t() { PQprepare(); return 0; }
/* end */

--------------------

have_func: checking for PQexecParams()... -------------------- yes

"gcc -o conftest -I. -I/System/Library/Frameworks/Ruby.framework/Versions/1.8/usr/lib/ruby/1.8/universal-darwin10.0 -I.  -D_XOPEN_SOURCE -D_DARWIN_C_SOURCE   -I/opt/local/include/postgresql84 -g -Os -pipe -fno-common -DENABLE_DTRACE  -fno-common  -pipe -fno-common   -pipe -O2 -Wall -Wmissing-prototypes -Wpointer-arith -Wdeclaration-after-statement -Wendif-labels -fno-strict-aliasing -fwrapv -arch x86_64 conftest.c  -L. -L/System/Library/Frameworks/Ruby.framework/Versions/1.8/usr/lib -L.  -L/opt/local/lib/postgresql84 -arch x86_64    -lpq  -lruby -lpq  -lpthread -ldl  "
conftest.c:3: warning: no previous prototype for ‘t’
conftest.c: In function ‘t’:
conftest.c:3: error: ‘PQexecParams’ undeclared (first use in this function)
conftest.c:3: error: (Each undeclared identifier is reported only once
conftest.c:3: error: for each function it appears in.)
checked program was:
/* begin */
1: /*top*/
2: int main() { return 0; }
3: int t() { void ((*volatile p)()); p = (void ((*)()))PQexecParams; return 0; }
/* end */

"gcc -o conftest -I. -I/System/Library/Frameworks/Ruby.framework/Versions/1.8/usr/lib/ruby/1.8/universal-darwin10.0 -I.  -D_XOPEN_SOURCE -D_DARWIN_C_SOURCE   -I/opt/local/include/postgresql84 -g -Os -pipe -fno-common -DENABLE_DTRACE  -fno-common  -pipe -fno-common   -pipe -O2 -Wall -Wmissing-prototypes -Wpointer-arith -Wdeclaration-after-statement -Wendif-labels -fno-strict-aliasing -fwrapv -arch x86_64 conftest.c  -L. -L/System/Library/Frameworks/Ruby.framework/Versions/1.8/usr/lib -L.  -L/opt/local/lib/postgresql84 -arch x86_64    -lpq  -lruby -lpq  -lpthread -ldl  "
conftest.c:3: warning: no previous prototype for ‘t’
conftest.c: In function ‘t’:
conftest.c:3: warning: implicit declaration of function ‘PQexecParams’
checked program was:
/* begin */
1: /*top*/
2: int main() { return 0; }
3: int t() { PQexecParams(); return 0; }
/* end */

--------------------

have_func: checking for PQescapeString()... -------------------- yes

"gcc -o conftest -I. -I/System/Library/Frameworks/Ruby.framework/Versions/1.8/usr/lib/ruby/1.8/universal-darwin10.0 -I.  -D_XOPEN_SOURCE -D_DARWIN_C_SOURCE   -I/opt/local/include/postgresql84 -g -Os -pipe -fno-common -DENABLE_DTRACE  -fno-common  -pipe -fno-common   -pipe -O2 -Wall -Wmissing-prototypes -Wpointer-arith -Wdeclaration-after-statement -Wendif-labels -fno-strict-aliasing -fwrapv -arch x86_64 conftest.c  -L. -L/System/Library/Frameworks/Ruby.framework/Versions/1.8/usr/lib -L.  -L/opt/local/lib/postgresql84 -arch x86_64    -lpq  -lruby -lpq  -lpthread -ldl  "
conftest.c:3: warning: no previous prototype for ‘t’
conftest.c: In function ‘t’:
conftest.c:3: error: ‘PQescapeString’ undeclared (first use in this function)
conftest.c:3: error: (Each undeclared identifier is reported only once
conftest.c:3: error: for each function it appears in.)
checked program was:
/* begin */
1: /*top*/
2: int main() { return 0; }
3: int t() { void ((*volatile p)()); p = (void ((*)()))PQescapeString; return 0; }
/* end */

"gcc -o conftest -I. -I/System/Library/Frameworks/Ruby.framework/Versions/1.8/usr/lib/ruby/1.8/universal-darwin10.0 -I.  -D_XOPEN_SOURCE -D_DARWIN_C_SOURCE   -I/opt/local/include/postgresql84 -g -Os -pipe -fno-common -DENABLE_DTRACE  -fno-common  -pipe -fno-common   -pipe -O2 -Wall -Wmissing-prototypes -Wpointer-arith -Wdeclaration-after-statement -Wendif-labels -fno-strict-aliasing -fwrapv -arch x86_64 conftest.c  -L. -L/System/Library/Frameworks/Ruby.framework/Versions/1.8/usr/lib -L.  -L/opt/local/lib/postgresql84 -arch x86_64    -lpq  -lruby -lpq  -lpthread -ldl  "
conftest.c:3: warning: no previous prototype for ‘t’
conftest.c: In function ‘t’:
conftest.c:3: warning: implicit declaration of function ‘PQescapeString’
checked program was:
/* begin */
1: /*top*/
2: int main() { return 0; }
3: int t() { PQescapeString(); return 0; }
/* end */

--------------------

have_func: checking for PQescapeStringConn()... -------------------- yes

"gcc -o conftest -I. -I/System/Library/Frameworks/Ruby.framework/Versions/1.8/usr/lib/ruby/1.8/universal-darwin10.0 -I.  -D_XOPEN_SOURCE -D_DARWIN_C_SOURCE   -I/opt/local/include/postgresql84 -g -Os -pipe -fno-common -DENABLE_DTRACE  -fno-common  -pipe -fno-common   -pipe -O2 -Wall -Wmissing-prototypes -Wpointer-arith -Wdeclaration-after-statement -Wendif-labels -fno-strict-aliasing -fwrapv -arch x86_64 conftest.c  -L. -L/System/Library/Frameworks/Ruby.framework/Versions/1.8/usr/lib -L.  -L/opt/local/lib/postgresql84 -arch x86_64    -lpq  -lruby -lpq  -lpthread -ldl  "
conftest.c:3: warning: no previous prototype for ‘t’
conftest.c: In function ‘t’:
conftest.c:3: error: ‘PQescapeStringConn’ undeclared (first use in this function)
conftest.c:3: error: (Each undeclared identifier is reported only once
conftest.c:3: error: for each function it appears in.)
checked program was:
/* begin */
1: /*top*/
2: int main() { return 0; }
3: int t() { void ((*volatile p)()); p = (void ((*)()))PQescapeStringConn; return 0; }
/* end */

"gcc -o conftest -I. -I/System/Library/Frameworks/Ruby.framework/Versions/1.8/usr/lib/ruby/1.8/universal-darwin10.0 -I.  -D_XOPEN_SOURCE -D_DARWIN_C_SOURCE   -I/opt/local/include/postgresql84 -g -Os -pipe -fno-common -DENABLE_DTRACE  -fno-common  -pipe -fno-common   -pipe -O2 -Wall -Wmissing-prototypes -Wpointer-arith -Wdeclaration-after-statement -Wendif-labels -fno-strict-aliasing -fwrapv -arch x86_64 conftest.c  -L. -L/System/Library/Frameworks/Ruby.framework/Versions/1.8/usr/lib -L.  -L/opt/local/lib/postgresql84 -arch x86_64    -lpq  -lruby -lpq  -lpthread -ldl  "
conftest.c:3: warning: no previous prototype for ‘t’
conftest.c: In function ‘t’:
conftest.c:3: warning: implicit declaration of function ‘PQescapeStringConn’
checked program was:
/* begin */
1: /*top*/
2: int main() { return 0; }
3: int t() { PQescapeStringConn(); return 0; }
/* end */

--------------------

have_func: checking for lo_create()... -------------------- yes

"gcc -o conftest -I. -I/System/Library/Frameworks/Ruby.framework/Versions/1.8/usr/lib/ruby/1.8/universal-darwin10.0 -I.  -D_XOPEN_SOURCE -D_DARWIN_C_SOURCE   -I/opt/local/include/postgresql84 -g -Os -pipe -fno-common -DENABLE_DTRACE  -fno-common  -pipe -fno-common   -pipe -O2 -Wall -Wmissing-prototypes -Wpointer-arith -Wdeclaration-after-statement -Wendif-labels -fno-strict-aliasing -fwrapv -arch x86_64 conftest.c  -L. -L/System/Library/Frameworks/Ruby.framework/Versions/1.8/usr/lib -L.  -L/opt/local/lib/postgresql84 -arch x86_64    -lpq  -lruby -lpq  -lpthread -ldl  "
conftest.c:3: warning: no previous prototype for ‘t’
conftest.c: In function ‘t’:
conftest.c:3: error: ‘lo_create’ undeclared (first use in this function)
conftest.c:3: error: (Each undeclared identifier is reported only once
conftest.c:3: error: for each function it appears in.)
checked program was:
/* begin */
1: /*top*/
2: int main() { return 0; }
3: int t() { void ((*volatile p)()); p = (void ((*)()))lo_create; return 0; }
/* end */

"gcc -o conftest -I. -I/System/Library/Frameworks/Ruby.framework/Versions/1.8/usr/lib/ruby/1.8/universal-darwin10.0 -I.  -D_XOPEN_SOURCE -D_DARWIN_C_SOURCE   -I/opt/local/include/postgresql84 -g -Os -pipe -fno-common -DENABLE_DTRACE  -fno-common  -pipe -fno-common   -pipe -O2 -Wall -Wmissing-prototypes -Wpointer-arith -Wdeclaration-after-statement -Wendif-labels -fno-strict-aliasing -fwrapv -arch x86_64 conftest.c  -L. -L/System/Library/Frameworks/Ruby.framework/Versions/1.8/usr/lib -L.  -L/opt/local/lib/postgresql84 -arch x86_64    -lpq  -lruby -lpq  -lpthread -ldl  "
conftest.c:3: warning: no previous prototype for ‘t’
conftest.c: In function ‘t’:
conftest.c:3: warning: implicit declaration of function ‘lo_create’
checked program was:
/* begin */
1: /*top*/
2: int main() { return 0; }
3: int t() { lo_create(); return 0; }
/* end */

--------------------

have_func: checking for pg_encoding_to_char()... -------------------- yes

"gcc -o conftest -I. -I/System/Library/Frameworks/Ruby.framework/Versions/1.8/usr/lib/ruby/1.8/universal-darwin10.0 -I.  -D_XOPEN_SOURCE -D_DARWIN_C_SOURCE   -I/opt/local/include/postgresql84 -g -Os -pipe -fno-common -DENABLE_DTRACE  -fno-common  -pipe -fno-common   -pipe -O2 -Wall -Wmissing-prototypes -Wpointer-arith -Wdeclaration-after-statement -Wendif-labels -fno-strict-aliasing -fwrapv -arch x86_64 conftest.c  -L. -L/System/Library/Frameworks/Ruby.framework/Versions/1.8/usr/lib -L.  -L/opt/local/lib/postgresql84 -arch x86_64    -lpq  -lruby -lpq  -lpthread -ldl  "
conftest.c:3: warning: no previous prototype for ‘t’
conftest.c: In function ‘t’:
conftest.c:3: error: ‘pg_encoding_to_char’ undeclared (first use in this function)
conftest.c:3: error: (Each undeclared identifier is reported only once
conftest.c:3: error: for each function it appears in.)
checked program was:
/* begin */
1: /*top*/
2: int main() { return 0; }
3: int t() { void ((*volatile p)()); p = (void ((*)()))pg_encoding_to_char; return 0; }
/* end */

"gcc -o conftest -I. -I/System/Library/Frameworks/Ruby.framework/Versions/1.8/usr/lib/ruby/1.8/universal-darwin10.0 -I.  -D_XOPEN_SOURCE -D_DARWIN_C_SOURCE   -I/opt/local/include/postgresql84 -g -Os -pipe -fno-common -DENABLE_DTRACE  -fno-common  -pipe -fno-common   -pipe -O2 -Wall -Wmissing-prototypes -Wpointer-arith -Wdeclaration-after-statement -Wendif-labels -fno-strict-aliasing -fwrapv -arch x86_64 conftest.c  -L. -L/System/Library/Frameworks/Ruby.framework/Versions/1.8/usr/lib -L.  -L/opt/local/lib/postgresql84 -arch x86_64    -lpq  -lruby -lpq  -lpthread -ldl  "
conftest.c:3: warning: no previous prototype for ‘t’
conftest.c: In function ‘t’:
conftest.c:3: warning: implicit declaration of function ‘pg_encoding_to_char’
checked program was:
/* begin */
1: /*top*/
2: int main() { return 0; }
3: int t() { pg_encoding_to_char(); return 0; }
/* end */

--------------------

have_func: checking for PQsetClientEncoding()... -------------------- yes

"gcc -o conftest -I. -I/System/Library/Frameworks/Ruby.framework/Versions/1.8/usr/lib/ruby/1.8/universal-darwin10.0 -I.  -D_XOPEN_SOURCE -D_DARWIN_C_SOURCE   -I/opt/local/include/postgresql84 -g -Os -pipe -fno-common -DENABLE_DTRACE  -fno-common  -pipe -fno-common   -pipe -O2 -Wall -Wmissing-prototypes -Wpointer-arith -Wdeclaration-after-statement -Wendif-labels -fno-strict-aliasing -fwrapv -arch x86_64 conftest.c  -L. -L/System/Library/Frameworks/Ruby.framework/Versions/1.8/usr/lib -L.  -L/opt/local/lib/postgresql84 -arch x86_64    -lpq  -lruby -lpq  -lpthread -ldl  "
conftest.c:3: warning: no previous prototype for ‘t’
conftest.c: In function ‘t’:
conftest.c:3: error: ‘PQsetClientEncoding’ undeclared (first use in this function)
conftest.c:3: error: (Each undeclared identifier is reported only once
conftest.c:3: error: for each function it appears in.)
checked program was:
/* begin */
1: /*top*/
2: int main() { return 0; }
3: int t() { void ((*volatile p)()); p = (void ((*)()))PQsetClientEncoding; return 0; }
/* end */

"gcc -o conftest -I. -I/System/Library/Frameworks/Ruby.framework/Versions/1.8/usr/lib/ruby/1.8/universal-darwin10.0 -I.  -D_XOPEN_SOURCE -D_DARWIN_C_SOURCE   -I/opt/local/include/postgresql84 -g -Os -pipe -fno-common -DENABLE_DTRACE  -fno-common  -pipe -fno-common   -pipe -O2 -Wall -Wmissing-prototypes -Wpointer-arith -Wdeclaration-after-statement -Wendif-labels -fno-strict-aliasing -fwrapv -arch x86_64 conftest.c  -L. -L/System/Library/Frameworks/Ruby.framework/Versions/1.8/usr/lib -L.  -L/opt/local/lib/postgresql84 -arch x86_64    -lpq  -lruby -lpq  -lpthread -ldl  "
conftest.c:3: warning: no previous prototype for ‘t’
conftest.c: In function ‘t’:
conftest.c:3: warning: implicit declaration of function ‘PQsetClientEncoding’
checked program was:
/* begin */
1: /*top*/
2: int main() { return 0; }
3: int t() { PQsetClientEncoding(); return 0; }
/* end */

--------------------

have_header: checking for unistd.h... -------------------- yes

"gcc -E -I. -I/System/Library/Frameworks/Ruby.framework/Versions/1.8/usr/lib/ruby/1.8/universal-darwin10.0 -I.  -D_XOPEN_SOURCE -D_DARWIN_C_SOURCE   -I/opt/local/include/postgresql84 -g -Os -pipe -fno-common -DENABLE_DTRACE  -fno-common  -pipe -fno-common   -pipe -O2 -Wall -Wmissing-prototypes -Wpointer-arith -Wdeclaration-after-statement -Wendif-labels -fno-strict-aliasing -fwrapv   conftest.c -o conftest.i"
checked program was:
/* begin */
1: #include <unistd.h>
/* end */

--------------------

